<?xml version="1.0" encoding="UTF-8"?>
<testng-results skipped="0" failed="0" ignored="0" total="2" passed="2">
  <reporter-output>
  </reporter-output>
  <suite name="Suite" duration-ms="12762" started-at="2020-07-14T08:21:38Z" finished-at="2020-07-14T08:21:51Z">
    <groups>
    </groups>
    <test name="Test" duration-ms="12762" started-at="2020-07-14T08:21:38Z" finished-at="2020-07-14T08:21:51Z">
      <class name="Test.GoogleAPI">
        <test-method status="PASS" signature="getGoogleAPI()[pri:0, instance:Test.GoogleAPI@cb5822]" name="getGoogleAPI" duration-ms="11261" started-at="2020-07-14T08:21:38Z" finished-at="2020-07-14T08:21:49Z">
          <reporter-output>
          </reporter-output>
        </test-method> <!-- getGoogleAPI -->
        <test-method status="PASS" signature="postGoogleAPI()[pri:0, instance:Test.GoogleAPI@cb5822]" name="postGoogleAPI" duration-ms="1386" started-at="2020-07-14T08:21:49Z" finished-at="2020-07-14T08:21:51Z">
          <reporter-output>
          </reporter-output>
        </test-method> <!-- postGoogleAPI -->
      </class> <!-- Test.GoogleAPI -->
    </test> <!-- Test -->
  </suite> <!-- Suite -->
</testng-results>
